<?xml version="1.0" encoding="UTF-8"?>
<!-- Generated by org.testng.reporters.JUnitReportReporter -->
<testsuite hostname="Vikas" failures="0" tests="1" name="Test_login.VerifyLoginTest" time="16.217" errors="0" timestamp="2022-07-23T23:12:55 IST" skipped="0">
  <testcase classname="Test_login.VerifyLoginTest" name="TC_001" time="16.217"/>
  <system-out/>
</testsuite> <!-- Test_login.VerifyLoginTest -->
